[2021-05-05 15:44:00,385] DEBUG preRegister called. Server=com.sun.jmx.mbeanserver.JmxMBeanServer@2d6eabae, name=log4j:logger=state.change.logger (state.change.logger)
[2021-05-05 15:46:01,571] TRACE [Controller id=0 epoch=134] Sending UpdateMetadata request PartitionState(controllerEpoch=129, leader=0, leaderEpoch=0, isr=[0], zkVersion=0, replicas=[0], offlineReplicas=[]) to brokers Set(0) for partition get_post-0 (state.change.logger)
[2021-05-05 15:46:01,572] TRACE [Controller id=0 epoch=134] Sending UpdateMetadata request PartitionState(controllerEpoch=129, leader=0, leaderEpoch=0, isr=[0], zkVersion=0, replicas=[0], offlineReplicas=[]) to brokers Set(0) for partition create_communitys1-0 (state.change.logger)
[2021-05-05 15:46:01,572] TRACE [Controller id=0 epoch=134] Sending UpdateMetadata request PartitionState(controllerEpoch=129, leader=0, leaderEpoch=0, isr=[0], zkVersion=0, replicas=[0], offlineReplicas=[]) to brokers Set(0) for partition update_profile-0 (state.change.logger)
[2021-05-05 15:46:01,572] TRACE [Controller id=0 epoch=134] Sending UpdateMetadata request PartitionState(controllerEpoch=1, leader=0, leaderEpoch=0, isr=[0], zkVersion=0, replicas=[0], offlineReplicas=[]) to brokers Set(0) for partition search_community1-0 (state.change.logger)
[2021-05-05 15:46:01,572] TRACE [Controller id=0 epoch=134] Sending UpdateMetadata request PartitionState(controllerEpoch=129, leader=0, leaderEpoch=0, isr=[0], zkVersion=0, replicas=[0], offlineReplicas=[]) to brokers Set(0) for partition invitetojoin_community-0 (state.change.logger)
[2021-05-05 15:46:01,572] TRACE [Controller id=0 epoch=134] Sending UpdateMetadata request PartitionState(controllerEpoch=1, leader=0, leaderEpoch=0, isr=[0], zkVersion=0, replicas=[0], offlineReplicas=[]) to brokers Set(0) for partition get_profile-0 (state.change.logger)
[2021-05-05 15:46:01,572] TRACE [Controller id=0 epoch=134] Sending UpdateMetadata request PartitionState(controllerEpoch=129, leader=0, leaderEpoch=0, isr=[0], zkVersion=0, replicas=[0], offlineReplicas=[]) to brokers Set(0) for partition get_messages-0 (state.change.logger)
[2021-05-05 15:46:01,572] TRACE [Controller id=0 epoch=134] Sending UpdateMetadata request PartitionState(controllerEpoch=1, leader=0, leaderEpoch=0, isr=[0], zkVersion=0, replicas=[0], offlineReplicas=[]) to brokers Set(0) for partition create_community-0 (state.change.logger)
[2021-05-05 15:46:01,572] TRACE [Controller id=0 epoch=134] Sending UpdateMetadata request PartitionState(controllerEpoch=129, leader=0, leaderEpoch=0, isr=[0], zkVersion=0, replicas=[0], offlineReplicas=[]) to brokers Set(0) for partition checkapprovedstatus-0 (state.change.logger)
[2021-05-05 15:46:01,572] TRACE [Controller id=0 epoch=134] Sending UpdateMetadata request PartitionState(controllerEpoch=1, leader=0, leaderEpoch=0, isr=[0], zkVersion=0, replicas=[0], offlineReplicas=[]) to brokers Set(0) for partition response_topic1-0 (state.change.logger)
[2021-05-05 15:46:01,572] TRACE [Controller id=0 epoch=134] Sending UpdateMetadata request PartitionState(controllerEpoch=129, leader=0, leaderEpoch=0, isr=[0], zkVersion=0, replicas=[0], offlineReplicas=[]) to brokers Set(0) for partition votingforcommunity-0 (state.change.logger)
[2021-05-05 15:46:01,572] TRACE [Controller id=0 epoch=134] Sending UpdateMetadata request PartitionState(controllerEpoch=129, leader=0, leaderEpoch=0, isr=[0], zkVersion=0, replicas=[0], offlineReplicas=[]) to brokers Set(0) for partition getcommunity-0 (state.change.logger)
[2021-05-05 15:46:01,572] TRACE [Controller id=0 epoch=134] Sending UpdateMetadata request PartitionState(controllerEpoch=129, leader=0, leaderEpoch=0, isr=[0], zkVersion=0, replicas=[0], offlineReplicas=[]) to brokers Set(0) for partition requesttojoin_communitys-0 (state.change.logger)
[2021-05-05 15:46:01,572] TRACE [Controller id=0 epoch=134] Sending UpdateMetadata request PartitionState(controllerEpoch=129, leader=0, leaderEpoch=0, isr=[0], zkVersion=0, replicas=[0], offlineReplicas=[]) to brokers Set(0) for partition approverequesttojoincommunity-0 (state.change.logger)
[2021-05-05 15:46:01,572] TRACE [Controller id=0 epoch=134] Sending UpdateMetadata request PartitionState(controllerEpoch=129, leader=0, leaderEpoch=0, isr=[0], zkVersion=0, replicas=[0], offlineReplicas=[]) to brokers Set(0) for partition acceptinvitationbyuser-0 (state.change.logger)
[2021-05-05 15:46:01,572] TRACE [Controller id=0 epoch=134] Sending UpdateMetadata request PartitionState(controllerEpoch=129, leader=0, leaderEpoch=0, isr=[0], zkVersion=0, replicas=[0], offlineReplicas=[]) to brokers Set(0) for partition search_community-0 (state.change.logger)
[2021-05-05 15:46:01,572] TRACE [Controller id=0 epoch=134] Sending UpdateMetadata request PartitionState(controllerEpoch=129, leader=0, leaderEpoch=0, isr=[0], zkVersion=0, replicas=[0], offlineReplicas=[]) to brokers Set(0) for partition responses-0 (state.change.logger)
[2021-05-05 15:46:01,572] TRACE [Controller id=0 epoch=134] Sending UpdateMetadata request PartitionState(controllerEpoch=129, leader=0, leaderEpoch=0, isr=[0], zkVersion=0, replicas=[0], offlineReplicas=[]) to brokers Set(0) for partition add_post-0 (state.change.logger)
[2021-05-05 15:46:01,572] TRACE [Controller id=0 epoch=134] Sending UpdateMetadata request PartitionState(controllerEpoch=129, leader=0, leaderEpoch=0, isr=[0], zkVersion=0, replicas=[0], offlineReplicas=[]) to brokers Set(0) for partition upload_image-0 (state.change.logger)
[2021-05-05 15:46:01,572] TRACE [Controller id=0 epoch=134] Sending UpdateMetadata request PartitionState(controllerEpoch=129, leader=0, leaderEpoch=0, isr=[0], zkVersion=0, replicas=[0], offlineReplicas=[]) to brokers Set(0) for partition add_messages-0 (state.change.logger)
[2021-05-05 15:46:01,572] TRACE [Controller id=0 epoch=134] Sending UpdateMetadata request PartitionState(controllerEpoch=1, leader=0, leaderEpoch=0, isr=[0], zkVersion=0, replicas=[0], offlineReplicas=[]) to brokers Set(0) for partition response_topic-0 (state.change.logger)
[2021-05-05 15:46:01,572] TRACE [Controller id=0 epoch=134] Sending UpdateMetadata request PartitionState(controllerEpoch=129, leader=0, leaderEpoch=0, isr=[0], zkVersion=0, replicas=[0], offlineReplicas=[]) to brokers Set(0) for partition get_message-0 (state.change.logger)
[2021-05-05 15:46:01,583] TRACE [Controller id=0 epoch=134] Changed state of replica 0 for partition search_community-0 from OnlineReplica to OnlineReplica (state.change.logger)
[2021-05-05 15:46:01,584] TRACE [Controller id=0 epoch=134] Changed state of replica 0 for partition votingforcommunity-0 from OnlineReplica to OnlineReplica (state.change.logger)
[2021-05-05 15:46:01,584] TRACE [Controller id=0 epoch=134] Changed state of replica 0 for partition responses-0 from OnlineReplica to OnlineReplica (state.change.logger)
[2021-05-05 15:46:01,584] TRACE [Controller id=0 epoch=134] Changed state of replica 0 for partition add_post-0 from OnlineReplica to OnlineReplica (state.change.logger)
[2021-05-05 15:46:01,584] TRACE [Controller id=0 epoch=134] Changed state of replica 0 for partition invitetojoin_community-0 from OnlineReplica to OnlineReplica (state.change.logger)
[2021-05-05 15:46:01,584] TRACE [Controller id=0 epoch=134] Changed state of replica 0 for partition get_profile-0 from OnlineReplica to OnlineReplica (state.change.logger)
[2021-05-05 15:46:01,584] TRACE [Controller id=0 epoch=134] Changed state of replica 0 for partition approverequesttojoincommunity-0 from OnlineReplica to OnlineReplica (state.change.logger)
[2021-05-05 15:46:01,584] TRACE [Controller id=0 epoch=134] Changed state of replica 0 for partition upload_image-0 from OnlineReplica to OnlineReplica (state.change.logger)
[2021-05-05 15:46:01,585] TRACE [Controller id=0 epoch=134] Changed state of replica 0 for partition getcommunity-0 from OnlineReplica to OnlineReplica (state.change.logger)
[2021-05-05 15:46:01,585] TRACE [Controller id=0 epoch=134] Changed state of replica 0 for partition response_topic-0 from OnlineReplica to OnlineReplica (state.change.logger)
[2021-05-05 15:46:01,585] TRACE [Controller id=0 epoch=134] Changed state of replica 0 for partition checkapprovedstatus-0 from OnlineReplica to OnlineReplica (state.change.logger)
[2021-05-05 15:46:01,585] TRACE [Controller id=0 epoch=134] Changed state of replica 0 for partition update_profile-0 from OnlineReplica to OnlineReplica (state.change.logger)
[2021-05-05 15:46:01,585] TRACE [Controller id=0 epoch=134] Changed state of replica 0 for partition search_community1-0 from OnlineReplica to OnlineReplica (state.change.logger)
[2021-05-05 15:46:01,585] TRACE [Controller id=0 epoch=134] Changed state of replica 0 for partition get_messages-0 from OnlineReplica to OnlineReplica (state.change.logger)
[2021-05-05 15:46:01,585] TRACE [Controller id=0 epoch=134] Changed state of replica 0 for partition create_communitys1-0 from OnlineReplica to OnlineReplica (state.change.logger)
[2021-05-05 15:46:01,585] TRACE [Controller id=0 epoch=134] Changed state of replica 0 for partition get_post-0 from OnlineReplica to OnlineReplica (state.change.logger)
[2021-05-05 15:46:01,585] TRACE [Controller id=0 epoch=134] Changed state of replica 0 for partition acceptinvitationbyuser-0 from OnlineReplica to OnlineReplica (state.change.logger)
[2021-05-05 15:46:01,585] TRACE [Controller id=0 epoch=134] Changed state of replica 0 for partition add_messages-0 from OnlineReplica to OnlineReplica (state.change.logger)
[2021-05-05 15:46:01,585] TRACE [Controller id=0 epoch=134] Changed state of replica 0 for partition create_community-0 from OnlineReplica to OnlineReplica (state.change.logger)
[2021-05-05 15:46:01,585] TRACE [Controller id=0 epoch=134] Changed state of replica 0 for partition response_topic1-0 from OnlineReplica to OnlineReplica (state.change.logger)
[2021-05-05 15:46:01,585] TRACE [Controller id=0 epoch=134] Changed state of replica 0 for partition requesttojoin_communitys-0 from OnlineReplica to OnlineReplica (state.change.logger)
[2021-05-05 15:46:01,585] TRACE [Controller id=0 epoch=134] Changed state of replica 0 for partition get_message-0 from OnlineReplica to OnlineReplica (state.change.logger)
[2021-05-05 15:46:01,586] TRACE [Controller id=0 epoch=134] Sending become-leader LeaderAndIsr request PartitionState(controllerEpoch=129, leader=0, leaderEpoch=0, isr=0, zkVersion=0, replicas=0, isNew=false) to broker 0 for partition get_post-0 (state.change.logger)
[2021-05-05 15:46:01,586] TRACE [Controller id=0 epoch=134] Sending become-leader LeaderAndIsr request PartitionState(controllerEpoch=129, leader=0, leaderEpoch=0, isr=0, zkVersion=0, replicas=0, isNew=false) to broker 0 for partition create_communitys1-0 (state.change.logger)
[2021-05-05 15:46:01,586] TRACE [Controller id=0 epoch=134] Sending become-leader LeaderAndIsr request PartitionState(controllerEpoch=129, leader=0, leaderEpoch=0, isr=0, zkVersion=0, replicas=0, isNew=false) to broker 0 for partition update_profile-0 (state.change.logger)
[2021-05-05 15:46:01,586] TRACE [Controller id=0 epoch=134] Sending become-leader LeaderAndIsr request PartitionState(controllerEpoch=1, leader=0, leaderEpoch=0, isr=0, zkVersion=0, replicas=0, isNew=false) to broker 0 for partition search_community1-0 (state.change.logger)
[2021-05-05 15:46:01,586] TRACE [Controller id=0 epoch=134] Sending become-leader LeaderAndIsr request PartitionState(controllerEpoch=129, leader=0, leaderEpoch=0, isr=0, zkVersion=0, replicas=0, isNew=false) to broker 0 for partition invitetojoin_community-0 (state.change.logger)
[2021-05-05 15:46:01,586] TRACE [Controller id=0 epoch=134] Sending become-leader LeaderAndIsr request PartitionState(controllerEpoch=1, leader=0, leaderEpoch=0, isr=0, zkVersion=0, replicas=0, isNew=false) to broker 0 for partition get_profile-0 (state.change.logger)
[2021-05-05 15:46:01,586] TRACE [Controller id=0 epoch=134] Sending become-leader LeaderAndIsr request PartitionState(controllerEpoch=129, leader=0, leaderEpoch=0, isr=0, zkVersion=0, replicas=0, isNew=false) to broker 0 for partition get_messages-0 (state.change.logger)
[2021-05-05 15:46:01,586] TRACE [Controller id=0 epoch=134] Sending become-leader LeaderAndIsr request PartitionState(controllerEpoch=1, leader=0, leaderEpoch=0, isr=0, zkVersion=0, replicas=0, isNew=false) to broker 0 for partition create_community-0 (state.change.logger)
[2021-05-05 15:46:01,586] TRACE [Controller id=0 epoch=134] Sending become-leader LeaderAndIsr request PartitionState(controllerEpoch=129, leader=0, leaderEpoch=0, isr=0, zkVersion=0, replicas=0, isNew=false) to broker 0 for partition checkapprovedstatus-0 (state.change.logger)
[2021-05-05 15:46:01,586] TRACE [Controller id=0 epoch=134] Sending become-leader LeaderAndIsr request PartitionState(controllerEpoch=1, leader=0, leaderEpoch=0, isr=0, zkVersion=0, replicas=0, isNew=false) to broker 0 for partition response_topic1-0 (state.change.logger)
[2021-05-05 15:46:01,586] TRACE [Controller id=0 epoch=134] Sending become-leader LeaderAndIsr request PartitionState(controllerEpoch=129, leader=0, leaderEpoch=0, isr=0, zkVersion=0, replicas=0, isNew=false) to broker 0 for partition votingforcommunity-0 (state.change.logger)
[2021-05-05 15:46:01,586] TRACE [Controller id=0 epoch=134] Sending become-leader LeaderAndIsr request PartitionState(controllerEpoch=129, leader=0, leaderEpoch=0, isr=0, zkVersion=0, replicas=0, isNew=false) to broker 0 for partition requesttojoin_communitys-0 (state.change.logger)
[2021-05-05 15:46:01,586] TRACE [Controller id=0 epoch=134] Sending become-leader LeaderAndIsr request PartitionState(controllerEpoch=129, leader=0, leaderEpoch=0, isr=0, zkVersion=0, replicas=0, isNew=false) to broker 0 for partition getcommunity-0 (state.change.logger)
[2021-05-05 15:46:01,586] TRACE [Controller id=0 epoch=134] Sending become-leader LeaderAndIsr request PartitionState(controllerEpoch=129, leader=0, leaderEpoch=0, isr=0, zkVersion=0, replicas=0, isNew=false) to broker 0 for partition approverequesttojoincommunity-0 (state.change.logger)
[2021-05-05 15:46:01,586] TRACE [Controller id=0 epoch=134] Sending become-leader LeaderAndIsr request PartitionState(controllerEpoch=129, leader=0, leaderEpoch=0, isr=0, zkVersion=0, replicas=0, isNew=false) to broker 0 for partition acceptinvitationbyuser-0 (state.change.logger)
[2021-05-05 15:46:01,586] TRACE [Controller id=0 epoch=134] Sending become-leader LeaderAndIsr request PartitionState(controllerEpoch=129, leader=0, leaderEpoch=0, isr=0, zkVersion=0, replicas=0, isNew=false) to broker 0 for partition search_community-0 (state.change.logger)
[2021-05-05 15:46:01,586] TRACE [Controller id=0 epoch=134] Sending become-leader LeaderAndIsr request PartitionState(controllerEpoch=129, leader=0, leaderEpoch=0, isr=0, zkVersion=0, replicas=0, isNew=false) to broker 0 for partition add_messages-0 (state.change.logger)
[2021-05-05 15:46:01,586] TRACE [Controller id=0 epoch=134] Sending become-leader LeaderAndIsr request PartitionState(controllerEpoch=129, leader=0, leaderEpoch=0, isr=0, zkVersion=0, replicas=0, isNew=false) to broker 0 for partition responses-0 (state.change.logger)
[2021-05-05 15:46:01,586] TRACE [Controller id=0 epoch=134] Sending become-leader LeaderAndIsr request PartitionState(controllerEpoch=129, leader=0, leaderEpoch=0, isr=0, zkVersion=0, replicas=0, isNew=false) to broker 0 for partition add_post-0 (state.change.logger)
[2021-05-05 15:46:01,586] TRACE [Controller id=0 epoch=134] Sending become-leader LeaderAndIsr request PartitionState(controllerEpoch=129, leader=0, leaderEpoch=0, isr=0, zkVersion=0, replicas=0, isNew=false) to broker 0 for partition upload_image-0 (state.change.logger)
[2021-05-05 15:46:01,586] TRACE [Controller id=0 epoch=134] Sending become-leader LeaderAndIsr request PartitionState(controllerEpoch=1, leader=0, leaderEpoch=0, isr=0, zkVersion=0, replicas=0, isNew=false) to broker 0 for partition response_topic-0 (state.change.logger)
[2021-05-05 15:46:01,586] TRACE [Controller id=0 epoch=134] Sending become-leader LeaderAndIsr request PartitionState(controllerEpoch=129, leader=0, leaderEpoch=0, isr=0, zkVersion=0, replicas=0, isNew=false) to broker 0 for partition get_message-0 (state.change.logger)
[2021-05-05 15:46:01,587] TRACE [Controller id=0 epoch=134] Sending UpdateMetadata request PartitionState(controllerEpoch=129, leader=0, leaderEpoch=0, isr=[0], zkVersion=0, replicas=[0], offlineReplicas=[]) to brokers Set(0) for partition get_post-0 (state.change.logger)
[2021-05-05 15:46:01,587] TRACE [Controller id=0 epoch=134] Sending UpdateMetadata request PartitionState(controllerEpoch=129, leader=0, leaderEpoch=0, isr=[0], zkVersion=0, replicas=[0], offlineReplicas=[]) to brokers Set(0) for partition create_communitys1-0 (state.change.logger)
[2021-05-05 15:46:01,587] TRACE [Controller id=0 epoch=134] Sending UpdateMetadata request PartitionState(controllerEpoch=129, leader=0, leaderEpoch=0, isr=[0], zkVersion=0, replicas=[0], offlineReplicas=[]) to brokers Set(0) for partition update_profile-0 (state.change.logger)
[2021-05-05 15:46:01,587] TRACE [Controller id=0 epoch=134] Sending UpdateMetadata request PartitionState(controllerEpoch=1, leader=0, leaderEpoch=0, isr=[0], zkVersion=0, replicas=[0], offlineReplicas=[]) to brokers Set(0) for partition search_community1-0 (state.change.logger)
[2021-05-05 15:46:01,587] TRACE [Controller id=0 epoch=134] Sending UpdateMetadata request PartitionState(controllerEpoch=129, leader=0, leaderEpoch=0, isr=[0], zkVersion=0, replicas=[0], offlineReplicas=[]) to brokers Set(0) for partition invitetojoin_community-0 (state.change.logger)
[2021-05-05 15:46:01,587] TRACE [Controller id=0 epoch=134] Sending UpdateMetadata request PartitionState(controllerEpoch=1, leader=0, leaderEpoch=0, isr=[0], zkVersion=0, replicas=[0], offlineReplicas=[]) to brokers Set(0) for partition get_profile-0 (state.change.logger)
[2021-05-05 15:46:01,587] TRACE [Controller id=0 epoch=134] Sending UpdateMetadata request PartitionState(controllerEpoch=129, leader=0, leaderEpoch=0, isr=[0], zkVersion=0, replicas=[0], offlineReplicas=[]) to brokers Set(0) for partition get_messages-0 (state.change.logger)
[2021-05-05 15:46:01,587] TRACE [Controller id=0 epoch=134] Sending UpdateMetadata request PartitionState(controllerEpoch=1, leader=0, leaderEpoch=0, isr=[0], zkVersion=0, replicas=[0], offlineReplicas=[]) to brokers Set(0) for partition create_community-0 (state.change.logger)
[2021-05-05 15:46:01,587] TRACE [Controller id=0 epoch=134] Sending UpdateMetadata request PartitionState(controllerEpoch=129, leader=0, leaderEpoch=0, isr=[0], zkVersion=0, replicas=[0], offlineReplicas=[]) to brokers Set(0) for partition checkapprovedstatus-0 (state.change.logger)
[2021-05-05 15:46:01,587] TRACE [Controller id=0 epoch=134] Sending UpdateMetadata request PartitionState(controllerEpoch=1, leader=0, leaderEpoch=0, isr=[0], zkVersion=0, replicas=[0], offlineReplicas=[]) to brokers Set(0) for partition response_topic1-0 (state.change.logger)
[2021-05-05 15:46:01,587] TRACE [Controller id=0 epoch=134] Sending UpdateMetadata request PartitionState(controllerEpoch=129, leader=0, leaderEpoch=0, isr=[0], zkVersion=0, replicas=[0], offlineReplicas=[]) to brokers Set(0) for partition votingforcommunity-0 (state.change.logger)
[2021-05-05 15:46:01,587] TRACE [Controller id=0 epoch=134] Sending UpdateMetadata request PartitionState(controllerEpoch=129, leader=0, leaderEpoch=0, isr=[0], zkVersion=0, replicas=[0], offlineReplicas=[]) to brokers Set(0) for partition requesttojoin_communitys-0 (state.change.logger)
[2021-05-05 15:46:01,587] TRACE [Controller id=0 epoch=134] Sending UpdateMetadata request PartitionState(controllerEpoch=129, leader=0, leaderEpoch=0, isr=[0], zkVersion=0, replicas=[0], offlineReplicas=[]) to brokers Set(0) for partition getcommunity-0 (state.change.logger)
[2021-05-05 15:46:01,587] TRACE [Controller id=0 epoch=134] Sending UpdateMetadata request PartitionState(controllerEpoch=129, leader=0, leaderEpoch=0, isr=[0], zkVersion=0, replicas=[0], offlineReplicas=[]) to brokers Set(0) for partition approverequesttojoincommunity-0 (state.change.logger)
[2021-05-05 15:46:01,587] TRACE [Controller id=0 epoch=134] Sending UpdateMetadata request PartitionState(controllerEpoch=129, leader=0, leaderEpoch=0, isr=[0], zkVersion=0, replicas=[0], offlineReplicas=[]) to brokers Set(0) for partition acceptinvitationbyuser-0 (state.change.logger)
[2021-05-05 15:46:01,587] TRACE [Controller id=0 epoch=134] Sending UpdateMetadata request PartitionState(controllerEpoch=129, leader=0, leaderEpoch=0, isr=[0], zkVersion=0, replicas=[0], offlineReplicas=[]) to brokers Set(0) for partition search_community-0 (state.change.logger)
[2021-05-05 15:46:01,587] TRACE [Controller id=0 epoch=134] Sending UpdateMetadata request PartitionState(controllerEpoch=129, leader=0, leaderEpoch=0, isr=[0], zkVersion=0, replicas=[0], offlineReplicas=[]) to brokers Set(0) for partition add_messages-0 (state.change.logger)
[2021-05-05 15:46:01,587] TRACE [Controller id=0 epoch=134] Sending UpdateMetadata request PartitionState(controllerEpoch=129, leader=0, leaderEpoch=0, isr=[0], zkVersion=0, replicas=[0], offlineReplicas=[]) to brokers Set(0) for partition responses-0 (state.change.logger)
[2021-05-05 15:46:01,587] TRACE [Controller id=0 epoch=134] Sending UpdateMetadata request PartitionState(controllerEpoch=129, leader=0, leaderEpoch=0, isr=[0], zkVersion=0, replicas=[0], offlineReplicas=[]) to brokers Set(0) for partition add_post-0 (state.change.logger)
[2021-05-05 15:46:01,587] TRACE [Controller id=0 epoch=134] Sending UpdateMetadata request PartitionState(controllerEpoch=129, leader=0, leaderEpoch=0, isr=[0], zkVersion=0, replicas=[0], offlineReplicas=[]) to brokers Set(0) for partition upload_image-0 (state.change.logger)
[2021-05-05 15:46:01,587] TRACE [Controller id=0 epoch=134] Sending UpdateMetadata request PartitionState(controllerEpoch=1, leader=0, leaderEpoch=0, isr=[0], zkVersion=0, replicas=[0], offlineReplicas=[]) to brokers Set(0) for partition response_topic-0 (state.change.logger)
[2021-05-05 15:46:01,587] TRACE [Controller id=0 epoch=134] Sending UpdateMetadata request PartitionState(controllerEpoch=129, leader=0, leaderEpoch=0, isr=[0], zkVersion=0, replicas=[0], offlineReplicas=[]) to brokers Set(0) for partition get_message-0 (state.change.logger)
[2021-05-05 15:46:01,589] TRACE [Broker id=0] Cached leader info PartitionState(controllerEpoch=129, leader=0, leaderEpoch=0, isr=[0], zkVersion=0, replicas=[0], offlineReplicas=[]) for partition upload_image-0 in response to UpdateMetadata request sent by controller 0 epoch 134 with correlation id 0 (state.change.logger)
[2021-05-05 15:46:01,589] TRACE [Broker id=0] Cached leader info PartitionState(controllerEpoch=129, leader=0, leaderEpoch=0, isr=[0], zkVersion=0, replicas=[0], offlineReplicas=[]) for partition votingforcommunity-0 in response to UpdateMetadata request sent by controller 0 epoch 134 with correlation id 0 (state.change.logger)
[2021-05-05 15:46:01,589] TRACE [Broker id=0] Cached leader info PartitionState(controllerEpoch=129, leader=0, leaderEpoch=0, isr=[0], zkVersion=0, replicas=[0], offlineReplicas=[]) for partition get_messages-0 in response to UpdateMetadata request sent by controller 0 epoch 134 with correlation id 0 (state.change.logger)
[2021-05-05 15:46:01,589] TRACE [Broker id=0] Cached leader info PartitionState(controllerEpoch=1, leader=0, leaderEpoch=0, isr=[0], zkVersion=0, replicas=[0], offlineReplicas=[]) for partition create_community-0 in response to UpdateMetadata request sent by controller 0 epoch 134 with correlation id 0 (state.change.logger)
[2021-05-05 15:46:01,589] TRACE [Broker id=0] Cached leader info PartitionState(controllerEpoch=129, leader=0, leaderEpoch=0, isr=[0], zkVersion=0, replicas=[0], offlineReplicas=[]) for partition add_messages-0 in response to UpdateMetadata request sent by controller 0 epoch 134 with correlation id 0 (state.change.logger)
[2021-05-05 15:46:01,589] TRACE [Broker id=0] Cached leader info PartitionState(controllerEpoch=129, leader=0, leaderEpoch=0, isr=[0], zkVersion=0, replicas=[0], offlineReplicas=[]) for partition get_post-0 in response to UpdateMetadata request sent by controller 0 epoch 134 with correlation id 0 (state.change.logger)
[2021-05-05 15:46:01,589] TRACE [Broker id=0] Cached leader info PartitionState(controllerEpoch=129, leader=0, leaderEpoch=0, isr=[0], zkVersion=0, replicas=[0], offlineReplicas=[]) for partition get_message-0 in response to UpdateMetadata request sent by controller 0 epoch 134 with correlation id 0 (state.change.logger)
[2021-05-05 15:46:01,589] TRACE [Broker id=0] Cached leader info PartitionState(controllerEpoch=1, leader=0, leaderEpoch=0, isr=[0], zkVersion=0, replicas=[0], offlineReplicas=[]) for partition response_topic1-0 in response to UpdateMetadata request sent by controller 0 epoch 134 with correlation id 0 (state.change.logger)
[2021-05-05 15:46:01,589] TRACE [Broker id=0] Cached leader info PartitionState(controllerEpoch=129, leader=0, leaderEpoch=0, isr=[0], zkVersion=0, replicas=[0], offlineReplicas=[]) for partition requesttojoin_communitys-0 in response to UpdateMetadata request sent by controller 0 epoch 134 with correlation id 0 (state.change.logger)
[2021-05-05 15:46:01,589] TRACE [Broker id=0] Cached leader info PartitionState(controllerEpoch=129, leader=0, leaderEpoch=0, isr=[0], zkVersion=0, replicas=[0], offlineReplicas=[]) for partition search_community-0 in response to UpdateMetadata request sent by controller 0 epoch 134 with correlation id 0 (state.change.logger)
[2021-05-05 15:46:01,589] TRACE [Broker id=0] Cached leader info PartitionState(controllerEpoch=129, leader=0, leaderEpoch=0, isr=[0], zkVersion=0, replicas=[0], offlineReplicas=[]) for partition add_post-0 in response to UpdateMetadata request sent by controller 0 epoch 134 with correlation id 0 (state.change.logger)
[2021-05-05 15:46:01,589] TRACE [Broker id=0] Cached leader info PartitionState(controllerEpoch=129, leader=0, leaderEpoch=0, isr=[0], zkVersion=0, replicas=[0], offlineReplicas=[]) for partition invitetojoin_community-0 in response to UpdateMetadata request sent by controller 0 epoch 134 with correlation id 0 (state.change.logger)
[2021-05-05 15:46:01,589] TRACE [Broker id=0] Cached leader info PartitionState(controllerEpoch=129, leader=0, leaderEpoch=0, isr=[0], zkVersion=0, replicas=[0], offlineReplicas=[]) for partition acceptinvitationbyuser-0 in response to UpdateMetadata request sent by controller 0 epoch 134 with correlation id 0 (state.change.logger)
[2021-05-05 15:46:01,589] TRACE [Broker id=0] Cached leader info PartitionState(controllerEpoch=129, leader=0, leaderEpoch=0, isr=[0], zkVersion=0, replicas=[0], offlineReplicas=[]) for partition create_communitys1-0 in response to UpdateMetadata request sent by controller 0 epoch 134 with correlation id 0 (state.change.logger)
[2021-05-05 15:46:01,589] TRACE [Broker id=0] Cached leader info PartitionState(controllerEpoch=1, leader=0, leaderEpoch=0, isr=[0], zkVersion=0, replicas=[0], offlineReplicas=[]) for partition response_topic-0 in response to UpdateMetadata request sent by controller 0 epoch 134 with correlation id 0 (state.change.logger)
[2021-05-05 15:46:01,589] TRACE [Broker id=0] Cached leader info PartitionState(controllerEpoch=129, leader=0, leaderEpoch=0, isr=[0], zkVersion=0, replicas=[0], offlineReplicas=[]) for partition getcommunity-0 in response to UpdateMetadata request sent by controller 0 epoch 134 with correlation id 0 (state.change.logger)
[2021-05-05 15:46:01,589] TRACE [Broker id=0] Cached leader info PartitionState(controllerEpoch=129, leader=0, leaderEpoch=0, isr=[0], zkVersion=0, replicas=[0], offlineReplicas=[]) for partition update_profile-0 in response to UpdateMetadata request sent by controller 0 epoch 134 with correlation id 0 (state.change.logger)
[2021-05-05 15:46:01,589] TRACE [Broker id=0] Cached leader info PartitionState(controllerEpoch=1, leader=0, leaderEpoch=0, isr=[0], zkVersion=0, replicas=[0], offlineReplicas=[]) for partition search_community1-0 in response to UpdateMetadata request sent by controller 0 epoch 134 with correlation id 0 (state.change.logger)
[2021-05-05 15:46:01,589] TRACE [Broker id=0] Cached leader info PartitionState(controllerEpoch=129, leader=0, leaderEpoch=0, isr=[0], zkVersion=0, replicas=[0], offlineReplicas=[]) for partition responses-0 in response to UpdateMetadata request sent by controller 0 epoch 134 with correlation id 0 (state.change.logger)
[2021-05-05 15:46:01,589] TRACE [Broker id=0] Cached leader info PartitionState(controllerEpoch=129, leader=0, leaderEpoch=0, isr=[0], zkVersion=0, replicas=[0], offlineReplicas=[]) for partition approverequesttojoincommunity-0 in response to UpdateMetadata request sent by controller 0 epoch 134 with correlation id 0 (state.change.logger)
[2021-05-05 15:46:01,589] TRACE [Broker id=0] Cached leader info PartitionState(controllerEpoch=129, leader=0, leaderEpoch=0, isr=[0], zkVersion=0, replicas=[0], offlineReplicas=[]) for partition checkapprovedstatus-0 in response to UpdateMetadata request sent by controller 0 epoch 134 with correlation id 0 (state.change.logger)
[2021-05-05 15:46:01,589] TRACE [Broker id=0] Cached leader info PartitionState(controllerEpoch=1, leader=0, leaderEpoch=0, isr=[0], zkVersion=0, replicas=[0], offlineReplicas=[]) for partition get_profile-0 in response to UpdateMetadata request sent by controller 0 epoch 134 with correlation id 0 (state.change.logger)
[2021-05-05 15:46:01,592] TRACE [Controller id=0 epoch=134] Received response {error_code=0} for request UPDATE_METADATA with correlation id 0 sent to broker 10.0.0.5:9092 (id: 0 rack: null) (state.change.logger)
[2021-05-05 15:46:01,594] TRACE [Broker id=0] Received LeaderAndIsr request PartitionState(controllerEpoch=129, leader=0, leaderEpoch=0, isr=0, zkVersion=0, replicas=0, isNew=false) correlation id 1 from controller 0 epoch 134 for partition upload_image-0 (state.change.logger)
[2021-05-05 15:46:01,594] TRACE [Broker id=0] Received LeaderAndIsr request PartitionState(controllerEpoch=129, leader=0, leaderEpoch=0, isr=0, zkVersion=0, replicas=0, isNew=false) correlation id 1 from controller 0 epoch 134 for partition get_messages-0 (state.change.logger)
[2021-05-05 15:46:01,594] TRACE [Broker id=0] Received LeaderAndIsr request PartitionState(controllerEpoch=129, leader=0, leaderEpoch=0, isr=0, zkVersion=0, replicas=0, isNew=false) correlation id 1 from controller 0 epoch 134 for partition votingforcommunity-0 (state.change.logger)
[2021-05-05 15:46:01,594] TRACE [Broker id=0] Received LeaderAndIsr request PartitionState(controllerEpoch=1, leader=0, leaderEpoch=0, isr=0, zkVersion=0, replicas=0, isNew=false) correlation id 1 from controller 0 epoch 134 for partition create_community-0 (state.change.logger)
[2021-05-05 15:46:01,595] TRACE [Broker id=0] Received LeaderAndIsr request PartitionState(controllerEpoch=129, leader=0, leaderEpoch=0, isr=0, zkVersion=0, replicas=0, isNew=false) correlation id 1 from controller 0 epoch 134 for partition add_messages-0 (state.change.logger)
[2021-05-05 15:46:01,595] TRACE [Broker id=0] Received LeaderAndIsr request PartitionState(controllerEpoch=129, leader=0, leaderEpoch=0, isr=0, zkVersion=0, replicas=0, isNew=false) correlation id 1 from controller 0 epoch 134 for partition get_post-0 (state.change.logger)
[2021-05-05 15:46:01,595] TRACE [Broker id=0] Received LeaderAndIsr request PartitionState(controllerEpoch=129, leader=0, leaderEpoch=0, isr=0, zkVersion=0, replicas=0, isNew=false) correlation id 1 from controller 0 epoch 134 for partition get_message-0 (state.change.logger)
[2021-05-05 15:46:01,595] TRACE [Broker id=0] Received LeaderAndIsr request PartitionState(controllerEpoch=1, leader=0, leaderEpoch=0, isr=0, zkVersion=0, replicas=0, isNew=false) correlation id 1 from controller 0 epoch 134 for partition response_topic1-0 (state.change.logger)
[2021-05-05 15:46:01,595] TRACE [Broker id=0] Received LeaderAndIsr request PartitionState(controllerEpoch=129, leader=0, leaderEpoch=0, isr=0, zkVersion=0, replicas=0, isNew=false) correlation id 1 from controller 0 epoch 134 for partition requesttojoin_communitys-0 (state.change.logger)
[2021-05-05 15:46:01,595] TRACE [Broker id=0] Received LeaderAndIsr request PartitionState(controllerEpoch=129, leader=0, leaderEpoch=0, isr=0, zkVersion=0, replicas=0, isNew=false) correlation id 1 from controller 0 epoch 134 for partition search_community-0 (state.change.logger)
[2021-05-05 15:46:01,595] TRACE [Broker id=0] Received LeaderAndIsr request PartitionState(controllerEpoch=129, leader=0, leaderEpoch=0, isr=0, zkVersion=0, replicas=0, isNew=false) correlation id 1 from controller 0 epoch 134 for partition add_post-0 (state.change.logger)
[2021-05-05 15:46:01,595] TRACE [Broker id=0] Received LeaderAndIsr request PartitionState(controllerEpoch=129, leader=0, leaderEpoch=0, isr=0, zkVersion=0, replicas=0, isNew=false) correlation id 1 from controller 0 epoch 134 for partition invitetojoin_community-0 (state.change.logger)
[2021-05-05 15:46:01,595] TRACE [Broker id=0] Received LeaderAndIsr request PartitionState(controllerEpoch=129, leader=0, leaderEpoch=0, isr=0, zkVersion=0, replicas=0, isNew=false) correlation id 1 from controller 0 epoch 134 for partition acceptinvitationbyuser-0 (state.change.logger)
[2021-05-05 15:46:01,595] TRACE [Broker id=0] Received LeaderAndIsr request PartitionState(controllerEpoch=129, leader=0, leaderEpoch=0, isr=0, zkVersion=0, replicas=0, isNew=false) correlation id 1 from controller 0 epoch 134 for partition create_communitys1-0 (state.change.logger)
[2021-05-05 15:46:01,595] TRACE [Broker id=0] Received LeaderAndIsr request PartitionState(controllerEpoch=1, leader=0, leaderEpoch=0, isr=0, zkVersion=0, replicas=0, isNew=false) correlation id 1 from controller 0 epoch 134 for partition response_topic-0 (state.change.logger)
[2021-05-05 15:46:01,595] TRACE [Broker id=0] Received LeaderAndIsr request PartitionState(controllerEpoch=129, leader=0, leaderEpoch=0, isr=0, zkVersion=0, replicas=0, isNew=false) correlation id 1 from controller 0 epoch 134 for partition getcommunity-0 (state.change.logger)
[2021-05-05 15:46:01,595] TRACE [Broker id=0] Received LeaderAndIsr request PartitionState(controllerEpoch=129, leader=0, leaderEpoch=0, isr=0, zkVersion=0, replicas=0, isNew=false) correlation id 1 from controller 0 epoch 134 for partition update_profile-0 (state.change.logger)
[2021-05-05 15:46:01,595] TRACE [Broker id=0] Received LeaderAndIsr request PartitionState(controllerEpoch=1, leader=0, leaderEpoch=0, isr=0, zkVersion=0, replicas=0, isNew=false) correlation id 1 from controller 0 epoch 134 for partition search_community1-0 (state.change.logger)
[2021-05-05 15:46:01,595] TRACE [Broker id=0] Received LeaderAndIsr request PartitionState(controllerEpoch=129, leader=0, leaderEpoch=0, isr=0, zkVersion=0, replicas=0, isNew=false) correlation id 1 from controller 0 epoch 134 for partition responses-0 (state.change.logger)
[2021-05-05 15:46:01,595] TRACE [Broker id=0] Received LeaderAndIsr request PartitionState(controllerEpoch=129, leader=0, leaderEpoch=0, isr=0, zkVersion=0, replicas=0, isNew=false) correlation id 1 from controller 0 epoch 134 for partition approverequesttojoincommunity-0 (state.change.logger)
[2021-05-05 15:46:01,595] TRACE [Broker id=0] Received LeaderAndIsr request PartitionState(controllerEpoch=1, leader=0, leaderEpoch=0, isr=0, zkVersion=0, replicas=0, isNew=false) correlation id 1 from controller 0 epoch 134 for partition get_profile-0 (state.change.logger)
[2021-05-05 15:46:01,595] TRACE [Broker id=0] Received LeaderAndIsr request PartitionState(controllerEpoch=129, leader=0, leaderEpoch=0, isr=0, zkVersion=0, replicas=0, isNew=false) correlation id 1 from controller 0 epoch 134 for partition checkapprovedstatus-0 (state.change.logger)
[2021-05-05 15:46:01,601] TRACE [Broker id=0] Handling LeaderAndIsr request correlationId 1 from controller 0 epoch 134 starting the become-leader transition for partition invitetojoin_community-0 (state.change.logger)
[2021-05-05 15:46:01,613] TRACE [Broker id=0] Handling LeaderAndIsr request correlationId 1 from controller 0 epoch 134 starting the become-leader transition for partition get_post-0 (state.change.logger)
[2021-05-05 15:46:01,613] TRACE [Broker id=0] Handling LeaderAndIsr request correlationId 1 from controller 0 epoch 134 starting the become-leader transition for partition update_profile-0 (state.change.logger)
[2021-05-05 15:46:01,613] TRACE [Broker id=0] Handling LeaderAndIsr request correlationId 1 from controller 0 epoch 134 starting the become-leader transition for partition search_community1-0 (state.change.logger)
[2021-05-05 15:46:01,613] TRACE [Broker id=0] Handling LeaderAndIsr request correlationId 1 from controller 0 epoch 134 starting the become-leader transition for partition get_messages-0 (state.change.logger)
[2021-05-05 15:46:01,613] TRACE [Broker id=0] Handling LeaderAndIsr request correlationId 1 from controller 0 epoch 134 starting the become-leader transition for partition create_community-0 (state.change.logger)
[2021-05-05 15:46:01,613] TRACE [Broker id=0] Handling LeaderAndIsr request correlationId 1 from controller 0 epoch 134 starting the become-leader transition for partition checkapprovedstatus-0 (state.change.logger)
[2021-05-05 15:46:01,613] TRACE [Broker id=0] Handling LeaderAndIsr request correlationId 1 from controller 0 epoch 134 starting the become-leader transition for partition get_profile-0 (state.change.logger)
[2021-05-05 15:46:01,613] TRACE [Broker id=0] Handling LeaderAndIsr request correlationId 1 from controller 0 epoch 134 starting the become-leader transition for partition response_topic1-0 (state.change.logger)
[2021-05-05 15:46:01,613] TRACE [Broker id=0] Handling LeaderAndIsr request correlationId 1 from controller 0 epoch 134 starting the become-leader transition for partition requesttojoin_communitys-0 (state.change.logger)
[2021-05-05 15:46:01,613] TRACE [Broker id=0] Handling LeaderAndIsr request correlationId 1 from controller 0 epoch 134 starting the become-leader transition for partition getcommunity-0 (state.change.logger)
[2021-05-05 15:46:01,613] TRACE [Broker id=0] Handling LeaderAndIsr request correlationId 1 from controller 0 epoch 134 starting the become-leader transition for partition votingforcommunity-0 (state.change.logger)
[2021-05-05 15:46:01,613] TRACE [Broker id=0] Handling LeaderAndIsr request correlationId 1 from controller 0 epoch 134 starting the become-leader transition for partition acceptinvitationbyuser-0 (state.change.logger)
[2021-05-05 15:46:01,613] TRACE [Broker id=0] Handling LeaderAndIsr request correlationId 1 from controller 0 epoch 134 starting the become-leader transition for partition search_community-0 (state.change.logger)
[2021-05-05 15:46:01,613] TRACE [Broker id=0] Handling LeaderAndIsr request correlationId 1 from controller 0 epoch 134 starting the become-leader transition for partition add_post-0 (state.change.logger)
[2021-05-05 15:46:01,613] TRACE [Broker id=0] Handling LeaderAndIsr request correlationId 1 from controller 0 epoch 134 starting the become-leader transition for partition response_topic-0 (state.change.logger)
[2021-05-05 15:46:01,613] TRACE [Broker id=0] Handling LeaderAndIsr request correlationId 1 from controller 0 epoch 134 starting the become-leader transition for partition approverequesttojoincommunity-0 (state.change.logger)
[2021-05-05 15:46:01,613] TRACE [Broker id=0] Handling LeaderAndIsr request correlationId 1 from controller 0 epoch 134 starting the become-leader transition for partition get_message-0 (state.change.logger)
[2021-05-05 15:46:01,613] TRACE [Broker id=0] Handling LeaderAndIsr request correlationId 1 from controller 0 epoch 134 starting the become-leader transition for partition upload_image-0 (state.change.logger)
[2021-05-05 15:46:01,613] TRACE [Broker id=0] Handling LeaderAndIsr request correlationId 1 from controller 0 epoch 134 starting the become-leader transition for partition add_messages-0 (state.change.logger)
[2021-05-05 15:46:01,613] TRACE [Broker id=0] Handling LeaderAndIsr request correlationId 1 from controller 0 epoch 134 starting the become-leader transition for partition create_communitys1-0 (state.change.logger)
[2021-05-05 15:46:01,613] TRACE [Broker id=0] Handling LeaderAndIsr request correlationId 1 from controller 0 epoch 134 starting the become-leader transition for partition responses-0 (state.change.logger)
[2021-05-05 15:46:01,621] TRACE [Broker id=0] Stopped fetchers as part of become-leader request from controller 0 epoch 134 with correlation id 1 for partition invitetojoin_community-0 (last update controller epoch 129) (state.change.logger)
[2021-05-05 15:46:01,623] TRACE [Broker id=0] Stopped fetchers as part of become-leader request from controller 0 epoch 134 with correlation id 1 for partition get_post-0 (last update controller epoch 129) (state.change.logger)
[2021-05-05 15:46:01,624] TRACE [Broker id=0] Stopped fetchers as part of become-leader request from controller 0 epoch 134 with correlation id 1 for partition update_profile-0 (last update controller epoch 129) (state.change.logger)
[2021-05-05 15:46:01,626] TRACE [Broker id=0] Stopped fetchers as part of become-leader request from controller 0 epoch 134 with correlation id 1 for partition search_community1-0 (last update controller epoch 1) (state.change.logger)
[2021-05-05 15:46:01,627] TRACE [Broker id=0] Stopped fetchers as part of become-leader request from controller 0 epoch 134 with correlation id 1 for partition get_messages-0 (last update controller epoch 129) (state.change.logger)
[2021-05-05 15:46:01,629] TRACE [Broker id=0] Stopped fetchers as part of become-leader request from controller 0 epoch 134 with correlation id 1 for partition create_community-0 (last update controller epoch 1) (state.change.logger)
[2021-05-05 15:46:01,631] TRACE [Broker id=0] Stopped fetchers as part of become-leader request from controller 0 epoch 134 with correlation id 1 for partition checkapprovedstatus-0 (last update controller epoch 129) (state.change.logger)
[2021-05-05 15:46:01,633] TRACE [Broker id=0] Stopped fetchers as part of become-leader request from controller 0 epoch 134 with correlation id 1 for partition get_profile-0 (last update controller epoch 1) (state.change.logger)
[2021-05-05 15:46:01,634] TRACE [Broker id=0] Stopped fetchers as part of become-leader request from controller 0 epoch 134 with correlation id 1 for partition response_topic1-0 (last update controller epoch 1) (state.change.logger)
[2021-05-05 15:46:01,636] TRACE [Broker id=0] Stopped fetchers as part of become-leader request from controller 0 epoch 134 with correlation id 1 for partition requesttojoin_communitys-0 (last update controller epoch 129) (state.change.logger)
[2021-05-05 15:46:01,638] TRACE [Broker id=0] Stopped fetchers as part of become-leader request from controller 0 epoch 134 with correlation id 1 for partition getcommunity-0 (last update controller epoch 129) (state.change.logger)
[2021-05-05 15:46:01,641] TRACE [Broker id=0] Stopped fetchers as part of become-leader request from controller 0 epoch 134 with correlation id 1 for partition votingforcommunity-0 (last update controller epoch 129) (state.change.logger)
[2021-05-05 15:46:01,644] TRACE [Broker id=0] Stopped fetchers as part of become-leader request from controller 0 epoch 134 with correlation id 1 for partition acceptinvitationbyuser-0 (last update controller epoch 129) (state.change.logger)
[2021-05-05 15:46:01,645] TRACE [Broker id=0] Stopped fetchers as part of become-leader request from controller 0 epoch 134 with correlation id 1 for partition search_community-0 (last update controller epoch 129) (state.change.logger)
[2021-05-05 15:46:01,647] TRACE [Broker id=0] Stopped fetchers as part of become-leader request from controller 0 epoch 134 with correlation id 1 for partition add_post-0 (last update controller epoch 129) (state.change.logger)
[2021-05-05 15:46:01,648] TRACE [Broker id=0] Stopped fetchers as part of become-leader request from controller 0 epoch 134 with correlation id 1 for partition response_topic-0 (last update controller epoch 1) (state.change.logger)
[2021-05-05 15:46:01,649] TRACE [Broker id=0] Stopped fetchers as part of become-leader request from controller 0 epoch 134 with correlation id 1 for partition approverequesttojoincommunity-0 (last update controller epoch 129) (state.change.logger)
[2021-05-05 15:46:01,651] TRACE [Broker id=0] Stopped fetchers as part of become-leader request from controller 0 epoch 134 with correlation id 1 for partition get_message-0 (last update controller epoch 129) (state.change.logger)
[2021-05-05 15:46:01,653] TRACE [Broker id=0] Stopped fetchers as part of become-leader request from controller 0 epoch 134 with correlation id 1 for partition upload_image-0 (last update controller epoch 129) (state.change.logger)
[2021-05-05 15:46:01,654] TRACE [Broker id=0] Stopped fetchers as part of become-leader request from controller 0 epoch 134 with correlation id 1 for partition add_messages-0 (last update controller epoch 129) (state.change.logger)
[2021-05-05 15:46:01,655] TRACE [Broker id=0] Stopped fetchers as part of become-leader request from controller 0 epoch 134 with correlation id 1 for partition create_communitys1-0 (last update controller epoch 129) (state.change.logger)
[2021-05-05 15:46:01,656] TRACE [Broker id=0] Stopped fetchers as part of become-leader request from controller 0 epoch 134 with correlation id 1 for partition responses-0 (last update controller epoch 129) (state.change.logger)
[2021-05-05 15:46:01,656] TRACE [Broker id=0] Completed LeaderAndIsr request correlationId 1 from controller 0 epoch 134 for the become-leader transition for partition invitetojoin_community-0 (state.change.logger)
[2021-05-05 15:46:01,656] TRACE [Broker id=0] Completed LeaderAndIsr request correlationId 1 from controller 0 epoch 134 for the become-leader transition for partition get_post-0 (state.change.logger)
[2021-05-05 15:46:01,656] TRACE [Broker id=0] Completed LeaderAndIsr request correlationId 1 from controller 0 epoch 134 for the become-leader transition for partition update_profile-0 (state.change.logger)
[2021-05-05 15:46:01,656] TRACE [Broker id=0] Completed LeaderAndIsr request correlationId 1 from controller 0 epoch 134 for the become-leader transition for partition search_community1-0 (state.change.logger)
[2021-05-05 15:46:01,656] TRACE [Broker id=0] Completed LeaderAndIsr request correlationId 1 from controller 0 epoch 134 for the become-leader transition for partition get_messages-0 (state.change.logger)
[2021-05-05 15:46:01,656] TRACE [Broker id=0] Completed LeaderAndIsr request correlationId 1 from controller 0 epoch 134 for the become-leader transition for partition create_community-0 (state.change.logger)
[2021-05-05 15:46:01,657] TRACE [Broker id=0] Completed LeaderAndIsr request correlationId 1 from controller 0 epoch 134 for the become-leader transition for partition checkapprovedstatus-0 (state.change.logger)
[2021-05-05 15:46:01,657] TRACE [Broker id=0] Completed LeaderAndIsr request correlationId 1 from controller 0 epoch 134 for the become-leader transition for partition get_profile-0 (state.change.logger)
[2021-05-05 15:46:01,657] TRACE [Broker id=0] Completed LeaderAndIsr request correlationId 1 from controller 0 epoch 134 for the become-leader transition for partition response_topic1-0 (state.change.logger)
[2021-05-05 15:46:01,657] TRACE [Broker id=0] Completed LeaderAndIsr request correlationId 1 from controller 0 epoch 134 for the become-leader transition for partition requesttojoin_communitys-0 (state.change.logger)
[2021-05-05 15:46:01,657] TRACE [Broker id=0] Completed LeaderAndIsr request correlationId 1 from controller 0 epoch 134 for the become-leader transition for partition getcommunity-0 (state.change.logger)
[2021-05-05 15:46:01,657] TRACE [Broker id=0] Completed LeaderAndIsr request correlationId 1 from controller 0 epoch 134 for the become-leader transition for partition votingforcommunity-0 (state.change.logger)
[2021-05-05 15:46:01,657] TRACE [Broker id=0] Completed LeaderAndIsr request correlationId 1 from controller 0 epoch 134 for the become-leader transition for partition acceptinvitationbyuser-0 (state.change.logger)
[2021-05-05 15:46:01,657] TRACE [Broker id=0] Completed LeaderAndIsr request correlationId 1 from controller 0 epoch 134 for the become-leader transition for partition search_community-0 (state.change.logger)
[2021-05-05 15:46:01,657] TRACE [Broker id=0] Completed LeaderAndIsr request correlationId 1 from controller 0 epoch 134 for the become-leader transition for partition add_post-0 (state.change.logger)
[2021-05-05 15:46:01,657] TRACE [Broker id=0] Completed LeaderAndIsr request correlationId 1 from controller 0 epoch 134 for the become-leader transition for partition response_topic-0 (state.change.logger)
[2021-05-05 15:46:01,657] TRACE [Broker id=0] Completed LeaderAndIsr request correlationId 1 from controller 0 epoch 134 for the become-leader transition for partition approverequesttojoincommunity-0 (state.change.logger)
[2021-05-05 15:46:01,657] TRACE [Broker id=0] Completed LeaderAndIsr request correlationId 1 from controller 0 epoch 134 for the become-leader transition for partition get_message-0 (state.change.logger)
[2021-05-05 15:46:01,657] TRACE [Broker id=0] Completed LeaderAndIsr request correlationId 1 from controller 0 epoch 134 for the become-leader transition for partition upload_image-0 (state.change.logger)
[2021-05-05 15:46:01,657] TRACE [Broker id=0] Completed LeaderAndIsr request correlationId 1 from controller 0 epoch 134 for the become-leader transition for partition add_messages-0 (state.change.logger)
[2021-05-05 15:46:01,657] TRACE [Broker id=0] Completed LeaderAndIsr request correlationId 1 from controller 0 epoch 134 for the become-leader transition for partition create_communitys1-0 (state.change.logger)
[2021-05-05 15:46:01,657] TRACE [Broker id=0] Completed LeaderAndIsr request correlationId 1 from controller 0 epoch 134 for the become-leader transition for partition responses-0 (state.change.logger)
[2021-05-05 15:46:01,662] TRACE [Controller id=0 epoch=134] Received response {error_code=0,partitions=[{topic=upload_image,partition=0,error_code=0},{topic=get_messages,partition=0,error_code=0},{topic=votingforcommunity,partition=0,error_code=0},{topic=create_community,partition=0,error_code=0},{topic=add_messages,partition=0,error_code=0},{topic=get_post,partition=0,error_code=0},{topic=get_message,partition=0,error_code=0},{topic=response_topic1,partition=0,error_code=0},{topic=requesttojoin_communitys,partition=0,error_code=0},{topic=search_community,partition=0,error_code=0},{topic=add_post,partition=0,error_code=0},{topic=invitetojoin_community,partition=0,error_code=0},{topic=acceptinvitationbyuser,partition=0,error_code=0},{topic=create_communitys1,partition=0,error_code=0},{topic=response_topic,partition=0,error_code=0},{topic=getcommunity,partition=0,error_code=0},{topic=update_profile,partition=0,error_code=0},{topic=search_community1,partition=0,error_code=0},{topic=responses,partition=0,error_code=0},{topic=approverequesttojoincommunity,partition=0,error_code=0},{topic=get_profile,partition=0,error_code=0},{topic=checkapprovedstatus,partition=0,error_code=0}]} for request LEADER_AND_ISR with correlation id 1 sent to broker 10.0.0.5:9092 (id: 0 rack: null) (state.change.logger)
[2021-05-05 15:46:01,663] TRACE [Broker id=0] Cached leader info PartitionState(controllerEpoch=129, leader=0, leaderEpoch=0, isr=[0], zkVersion=0, replicas=[0], offlineReplicas=[]) for partition upload_image-0 in response to UpdateMetadata request sent by controller 0 epoch 134 with correlation id 2 (state.change.logger)
[2021-05-05 15:46:01,663] TRACE [Broker id=0] Cached leader info PartitionState(controllerEpoch=129, leader=0, leaderEpoch=0, isr=[0], zkVersion=0, replicas=[0], offlineReplicas=[]) for partition votingforcommunity-0 in response to UpdateMetadata request sent by controller 0 epoch 134 with correlation id 2 (state.change.logger)
[2021-05-05 15:46:01,663] TRACE [Broker id=0] Cached leader info PartitionState(controllerEpoch=129, leader=0, leaderEpoch=0, isr=[0], zkVersion=0, replicas=[0], offlineReplicas=[]) for partition get_messages-0 in response to UpdateMetadata request sent by controller 0 epoch 134 with correlation id 2 (state.change.logger)
[2021-05-05 15:46:01,663] TRACE [Broker id=0] Cached leader info PartitionState(controllerEpoch=1, leader=0, leaderEpoch=0, isr=[0], zkVersion=0, replicas=[0], offlineReplicas=[]) for partition create_community-0 in response to UpdateMetadata request sent by controller 0 epoch 134 with correlation id 2 (state.change.logger)
[2021-05-05 15:46:01,663] TRACE [Broker id=0] Cached leader info PartitionState(controllerEpoch=129, leader=0, leaderEpoch=0, isr=[0], zkVersion=0, replicas=[0], offlineReplicas=[]) for partition add_messages-0 in response to UpdateMetadata request sent by controller 0 epoch 134 with correlation id 2 (state.change.logger)
[2021-05-05 15:46:01,663] TRACE [Broker id=0] Cached leader info PartitionState(controllerEpoch=129, leader=0, leaderEpoch=0, isr=[0], zkVersion=0, replicas=[0], offlineReplicas=[]) for partition get_post-0 in response to UpdateMetadata request sent by controller 0 epoch 134 with correlation id 2 (state.change.logger)
[2021-05-05 15:46:01,663] TRACE [Broker id=0] Cached leader info PartitionState(controllerEpoch=129, leader=0, leaderEpoch=0, isr=[0], zkVersion=0, replicas=[0], offlineReplicas=[]) for partition get_message-0 in response to UpdateMetadata request sent by controller 0 epoch 134 with correlation id 2 (state.change.logger)
[2021-05-05 15:46:01,663] TRACE [Broker id=0] Cached leader info PartitionState(controllerEpoch=1, leader=0, leaderEpoch=0, isr=[0], zkVersion=0, replicas=[0], offlineReplicas=[]) for partition response_topic1-0 in response to UpdateMetadata request sent by controller 0 epoch 134 with correlation id 2 (state.change.logger)
[2021-05-05 15:46:01,663] TRACE [Broker id=0] Cached leader info PartitionState(controllerEpoch=129, leader=0, leaderEpoch=0, isr=[0], zkVersion=0, replicas=[0], offlineReplicas=[]) for partition requesttojoin_communitys-0 in response to UpdateMetadata request sent by controller 0 epoch 134 with correlation id 2 (state.change.logger)
[2021-05-05 15:46:01,663] TRACE [Broker id=0] Cached leader info PartitionState(controllerEpoch=129, leader=0, leaderEpoch=0, isr=[0], zkVersion=0, replicas=[0], offlineReplicas=[]) for partition search_community-0 in response to UpdateMetadata request sent by controller 0 epoch 134 with correlation id 2 (state.change.logger)
[2021-05-05 15:46:01,663] TRACE [Broker id=0] Cached leader info PartitionState(controllerEpoch=129, leader=0, leaderEpoch=0, isr=[0], zkVersion=0, replicas=[0], offlineReplicas=[]) for partition add_post-0 in response to UpdateMetadata request sent by controller 0 epoch 134 with correlation id 2 (state.change.logger)
[2021-05-05 15:46:01,663] TRACE [Broker id=0] Cached leader info PartitionState(controllerEpoch=129, leader=0, leaderEpoch=0, isr=[0], zkVersion=0, replicas=[0], offlineReplicas=[]) for partition invitetojoin_community-0 in response to UpdateMetadata request sent by controller 0 epoch 134 with correlation id 2 (state.change.logger)
[2021-05-05 15:46:01,663] TRACE [Broker id=0] Cached leader info PartitionState(controllerEpoch=129, leader=0, leaderEpoch=0, isr=[0], zkVersion=0, replicas=[0], offlineReplicas=[]) for partition acceptinvitationbyuser-0 in response to UpdateMetadata request sent by controller 0 epoch 134 with correlation id 2 (state.change.logger)
[2021-05-05 15:46:01,663] TRACE [Broker id=0] Cached leader info PartitionState(controllerEpoch=129, leader=0, leaderEpoch=0, isr=[0], zkVersion=0, replicas=[0], offlineReplicas=[]) for partition create_communitys1-0 in response to UpdateMetadata request sent by controller 0 epoch 134 with correlation id 2 (state.change.logger)
[2021-05-05 15:46:01,663] TRACE [Broker id=0] Cached leader info PartitionState(controllerEpoch=1, leader=0, leaderEpoch=0, isr=[0], zkVersion=0, replicas=[0], offlineReplicas=[]) for partition response_topic-0 in response to UpdateMetadata request sent by controller 0 epoch 134 with correlation id 2 (state.change.logger)
[2021-05-05 15:46:01,663] TRACE [Broker id=0] Cached leader info PartitionState(controllerEpoch=129, leader=0, leaderEpoch=0, isr=[0], zkVersion=0, replicas=[0], offlineReplicas=[]) for partition getcommunity-0 in response to UpdateMetadata request sent by controller 0 epoch 134 with correlation id 2 (state.change.logger)
[2021-05-05 15:46:01,663] TRACE [Broker id=0] Cached leader info PartitionState(controllerEpoch=129, leader=0, leaderEpoch=0, isr=[0], zkVersion=0, replicas=[0], offlineReplicas=[]) for partition update_profile-0 in response to UpdateMetadata request sent by controller 0 epoch 134 with correlation id 2 (state.change.logger)
[2021-05-05 15:46:01,663] TRACE [Broker id=0] Cached leader info PartitionState(controllerEpoch=1, leader=0, leaderEpoch=0, isr=[0], zkVersion=0, replicas=[0], offlineReplicas=[]) for partition search_community1-0 in response to UpdateMetadata request sent by controller 0 epoch 134 with correlation id 2 (state.change.logger)
[2021-05-05 15:46:01,663] TRACE [Broker id=0] Cached leader info PartitionState(controllerEpoch=129, leader=0, leaderEpoch=0, isr=[0], zkVersion=0, replicas=[0], offlineReplicas=[]) for partition responses-0 in response to UpdateMetadata request sent by controller 0 epoch 134 with correlation id 2 (state.change.logger)
[2021-05-05 15:46:01,663] TRACE [Broker id=0] Cached leader info PartitionState(controllerEpoch=129, leader=0, leaderEpoch=0, isr=[0], zkVersion=0, replicas=[0], offlineReplicas=[]) for partition approverequesttojoincommunity-0 in response to UpdateMetadata request sent by controller 0 epoch 134 with correlation id 2 (state.change.logger)
[2021-05-05 15:46:01,663] TRACE [Broker id=0] Cached leader info PartitionState(controllerEpoch=129, leader=0, leaderEpoch=0, isr=[0], zkVersion=0, replicas=[0], offlineReplicas=[]) for partition checkapprovedstatus-0 in response to UpdateMetadata request sent by controller 0 epoch 134 with correlation id 2 (state.change.logger)
[2021-05-05 15:46:01,664] TRACE [Broker id=0] Cached leader info PartitionState(controllerEpoch=1, leader=0, leaderEpoch=0, isr=[0], zkVersion=0, replicas=[0], offlineReplicas=[]) for partition get_profile-0 in response to UpdateMetadata request sent by controller 0 epoch 134 with correlation id 2 (state.change.logger)
[2021-05-05 15:46:01,664] TRACE [Controller id=0 epoch=134] Received response {error_code=0} for request UPDATE_METADATA with correlation id 2 sent to broker 10.0.0.5:9092 (id: 0 rack: null) (state.change.logger)
